[gestion.pe/blog/innovar-o-ser-cambiado/2020/06/yape4-plin4.html/index.html]
[backblue.gif]
[fade.gif]
[index.html]
[cdnc.gestion.pe/dist/gestion/css/stylecc05.css]
[cdna.gestion.pe/resources/dist/gestion/images/favicon2d2b.png]
[cdna.gestion.pe/resources/dist/gestion/images/apple-touch-icon2d2b.png]
[cdna.gestion.pe/resources/dist/gestion/images/apple-touch-icon-76x762d2b.png]
[cdna.gestion.pe/resources/dist/gestion/images/apple-touch-icon-120x1202d2b.png]
[cdna.gestion.pe/resources/dist/gestion/images/apple-touch-icon-144x1442d2b.png]
[cdna.gestion.pe/resources/dist/gestion/images/apple-touch-icon-152x1522d2b.png]
[cdna.gestion.pe/resources/dist/gestion/images/apple-touch-icon-180x1802d2b.png]
[d34fzxxwb5p53o.cloudfront.net/output/assets/js/prebid72ee.js]
[static.chartbeat.com/js/chartbeat.js]
[static.chartbeat.com/js/chartbeat_mab.js]
[d1r08wok4169a5.cloudfront.net/ads/arcads72ee.js]
[gestion.pe/pf/dist/engine/reactcc05.js]
[gestion.pe/pf/dist/components/combinations/defaultcc05.js]
[arc-subs-sdk.s3.amazonaws.com/prod/sdk-identity.min9cd5.js]
[elcomercio-gestion-prod.cdn.arcpublishing.com/arc/subs/p.min72ee.js]
[delivery.adrecover.com/41438/adRecover.js]
[gestion.pe/blog/innovar-o-ser-cambiado/2020/06/yape4-plin4.html/ak.12.delayed]
[cdna.gestion.pe/resources/dist/gestion/images/white-logo2d2b.png]
[cdna.gestion.pe/resources/dist/gestion/images/logo2d2b.png]
[gestion.pe/resizer/bN6a5Vz_O-66xC3mavwyHT1h1fA=/125x125/smart/filters_format(jpeg)_quality(75)/blogs.gestion.pe/innovar-o-ser-cambiado/wp-conten/10-blog-Innovar-o-ser-c]
[blogs.gestion.pe/innovar-o-ser-cambiado/wp-content/uploads/sites/113/2020/06/PLIN.png]
[blogs.gestion.pe/innovar-o-ser-cambiado/wp-content/uploads/sites/113/2020/06/PLIN-702x1024.png]
[blogs.gestion.pe/innovar-o-ser-cambiado/wp-content/uploads/sites/113/2020/06/YAPECARD-ENTREVISTA.png]
[blogs.gestion.pe/innovar-o-ser-cambiado/wp-content/uploads/sites/113/2020/06/YAPECARD-ENTREVISTA-1024x782.png]
[blogs.gestion.pe/innovar-o-ser-cambiado/wp-content/uploads/sites/113/2019/09/lean-startup.png]
[blogs.gestion.pe/innovar-o-ser-cambiado/wp-content/uploads/sites/113/2021/07/P.jpg]
[blogs.gestion.pe/innovar-o-ser-cambiado/wp-content/uploads/sites/113/2021/05/TYBA-PORTADA.jpg]
[blogs.gestion.pe/innovar-o-ser-cambiado/wp-content/uploads/sites/113/2021/04/IOSC.jpg]
[blogs.gestion.pe/innovar-o-ser-cambiado/wp-content/uploads/sites/113/2021/02/PORTADA.jpg]
[blogs.gestion.pe/innovar-o-ser-cambiado/wp-content/uploads/sites/113/2021/02/YAPE-6.jpg]
[blogs.gestion.pe/innovar-o-ser-cambiado/wp-content/uploads/sites/113/2020/12/docentes-creativos.jpg]
[gestion.pe/pf/dist/template/gestion-nota-blog/defaultcc05.js]
[cdna.gestion.pe/resources/assets/js/lazyload2d2b.js]
[d1r08wok4169a5.cloudfront.net/gpt-adtmp/gpt-adtmp72ee.js]
[sb.scorecardresearch.com/internal-c2/plugins/streamingtag_plugin_jwplayer.js]
[gestion.pe/blog/innovar-o-ser-cambiado/2020/06/yape4-plin4.html/index.html]
[cdnc.gestion.pe/dist/gestion/css/stylecc05.css]
[gestion.pe/blog/innovar-o-ser-cambiado/2020/06/yape4-plin4.html/Trident/index.html]
[static.chartbeat.com/js/chartbeat.js]
[static.chartbeat.com/js/inpage.js]
[gestion.pe/blog/innovar-o-ser-cambiado/2020/06/yape4-plin4.html/GET]
[static.chartbeat.com/js/chartbeat_mab.js]
[www.googletagmanager.com/gtm5445.html]
[gestion.pe/blog/innovar-o-ser-cambiado/2020/06/yape4-plin4.html/ak.html]
[gestion.pe/blog/innovar-o-ser-cambiado/2020/06/yape4-plin4.html/Trident/index.html]
[static2.chartbeat.com/js/mab-inpagedev.js]
[static.chartbeat.com/js/inpage.js]
[gestion.pe/blog/innovar-o-ser-cambiado/2020/06/yape4-plin4.html/GET.html]
[static.chartbeat.com/js/inpage.html]
